<?xml version="1.0" encoding="utf-8"?><testsuites name="pytest tests"><testsuite name="pytest" errors="0" failures="0" skipped="0" tests="30" time="8.809" timestamp="2026-05-01T12:17:47.116446+00:00" hostname="agent-env-0da40d5a-76ef-414d-846f-54f622229bea"><testcase classname="backend.tests.test_cms_flow" name="test_01_register_admin" time="0.524" /><testcase classname="backend.tests.test_cms_flow" name="test_02_register_duplicate_email_fails" time="0.146" /><testcase classname="backend.tests.test_cms_flow" name="test_03_login_admin_returns_token_and_user" time="0.376" /><testcase classname="backend.tests.test_cms_flow" name="test_04_login_invalid_password" time="0.364" /><testcase classname="backend.tests.test_cms_flow" name="test_05_me_with_bearer" time="0.140" /><testcase classname="backend.tests.test_cms_flow" name="test_06_me_unauthenticated" time="0.145" /><testcase classname="backend.tests.test_cms_flow" name="test_10_create_subjects" time="0.321" /><testcase classname="backend.tests.test_cms_flow" name="test_11_list_subjects" time="0.120" /><testcase classname="backend.tests.test_cms_flow" name="test_20_create_teacher_with_subjects" time="0.352" /><testcase classname="backend.tests.test_cms_flow" name="test_21_create_teacher2_with_chemistry" time="0.380" /><testcase classname="backend.tests.test_cms_flow" name="test_22_create_students" time="0.665" /><testcase classname="backend.tests.test_cms_flow" name="test_23_list_students_with_subjects" time="0.106" /><testcase classname="backend.tests.test_cms_flow" name="test_24_list_teachers_with_subjects" time="0.115" /><testcase classname="backend.tests.test_cms_flow" name="test_25_update_user_subjects" time="0.256" /><testcase classname="backend.tests.test_cms_flow" name="test_30_teacher_cannot_call_admin" time="0.584" /><testcase classname="backend.tests.test_cms_flow" name="test_31_student_cannot_call_teacher_or_admin" time="0.576" /><testcase classname="backend.tests.test_cms_flow" name="test_32_admin_cannot_call_student_only" time="0.105" /><testcase classname="backend.tests.test_cms_flow" name="test_40_teacher_subjects" time="0.097" /><testcase classname="backend.tests.test_cms_flow" name="test_41_teacher_subject_students" time="0.127" /><testcase classname="backend.tests.test_cms_flow" name="test_42_teacher_forbidden_other_subject" time="0.113" /><testcase classname="backend.tests.test_cms_flow" name="test_43_mark_attendance_and_fetch" time="0.372" /><testcase classname="backend.tests.test_cms_flow" name="test_44_attendance_forbidden_other_subject" time="0.109" /><testcase classname="backend.tests.test_cms_flow" name="test_45_add_and_get_marks" time="0.238" /><testcase classname="backend.tests.test_cms_flow" name="test_46_delete_mark_ownership" time="0.566" /><testcase classname="backend.tests.test_cms_flow" name="test_50_student_subjects" time="0.114" /><testcase classname="backend.tests.test_cms_flow" name="test_51_student_attendance_only_own" time="0.107" /><testcase classname="backend.tests.test_cms_flow" name="test_52_student_marks_only_own" time="0.213" /><testcase classname="backend.tests.test_cms_flow" name="test_60_delete_user_cascades" time="0.342" /><testcase classname="backend.tests.test_cms_flow" name="test_61_delete_subject_cascades" time="0.211" /><testcase classname="backend.tests.test_cms_flow" name="test_99_cleanup" time="0.763" /></testsuite></testsuites>